<?xml version="1.0" encoding="UTF-8"?>
<testng-results ignored="0" total="1" passed="1" failed="0" skipped="0">
  <reporter-output>
  </reporter-output>
  <suite started-at="2022-08-19T18:53:49 CDT" name="Default suite" finished-at="2022-08-19T18:54:01 CDT" duration-ms="11920">
    <groups>
    </groups>
    <test started-at="2022-08-19T18:53:49 CDT" name="Default test" finished-at="2022-08-19T18:54:01 CDT" duration-ms="11920">
      <class name="Loginpagetest">
        <test-method signature="signIn()[pri:0, instance:Loginpagetest@3c7f66c4]" started-at="2022-08-19T18:53:49 CDT" name="signIn" finished-at="2022-08-19T18:54:01 CDT" duration-ms="11827" status="PASS">
          <reporter-output>
          </reporter-output>
        </test-method> <!-- signIn -->
      </class> <!-- Loginpagetest -->
    </test> <!-- Default test -->
  </suite> <!-- Default suite -->
</testng-results>
